<?xml version="1.0" encoding="UTF-8"?>
<!-- Generated by org.testng.reporters.JUnitReportReporter -->
<testsuite hostname="Bilals-MacBook-Pro-2.local" failures="0" tests="11" name="Tests.BaseClass" time="163.575" errors="0" timestamp="2023-03-21T12:56:00 PKT" skipped="0">
  <testcase classname="Tests.BaseClass" name="HomePagetoReg" time="12.267"/>
  <system-out/>
  <testcase classname="Tests.BaseClass" name="Registration" time="9.268"/>
  <system-out/>
  <testcase classname="Tests.BaseClass" name="EmailVerificationInAccount" time="7.818"/>
  <system-out/>
  <testcase classname="Tests.BaseClass" name="DisableEmailField" time="1.976"/>
  <system-out/>
  <testcase classname="Tests.BaseClass" name="PLPtoPDP" time="29.530"/>
  <system-out/>
  <testcase classname="Tests.BaseClass" name="Add2Bag" time="28.982"/>
  <system-out/>
  <testcase classname="Tests.BaseClass" name="AddShippingAddress" time="14.033"/>
  <system-out/>
  <testcase classname="Tests.BaseClass" name="AddPaymentMethod" time="18.776"/>
  <system-out/>
  <testcase classname="Tests.BaseClass" name="COD_Paypal" time="12.732"/>
  <system-out/>
  <testcase classname="Tests.BaseClass" name="Wishlist_Validations" time="21.022"/>
  <system-out/>
  <testcase classname="Tests.BaseClass" name="Logout_ChangeLanguage" time="7.171"/>
  <system-out/>
</testsuite> <!-- Tests.BaseClass -->
