<?xml version="1.0" encoding="UTF-8"?>
<!-- Generated by org.testng.reporters.JUnitReportReporter -->
<testsuite hostname="Bilals-MacBook-Pro-2.local" failures="0" tests="11" name="Tests.BaseClass" time="164.276" errors="0" timestamp="2023-03-20T16:54:35 PKT" skipped="0">
  <testcase classname="Tests.BaseClass" name="HomePagetoReg" time="12.312"/>
  <system-out/>
  <testcase classname="Tests.BaseClass" name="Registration" time="9.340"/>
  <system-out/>
  <testcase classname="Tests.BaseClass" name="EmailVerificationInAccount" time="9.852"/>
  <system-out/>
  <testcase classname="Tests.BaseClass" name="DisableEmailField" time="3.334"/>
  <system-out/>
  <testcase classname="Tests.BaseClass" name="PLPtoPDP" time="20.740"/>
  <system-out/>
  <testcase classname="Tests.BaseClass" name="Add2Bag" time="29.015"/>
  <system-out/>
  <testcase classname="Tests.BaseClass" name="AddShippingAddress" time="13.487"/>
  <system-out/>
  <testcase classname="Tests.BaseClass" name="AddPaymentMethod" time="19.170"/>
  <system-out/>
  <testcase classname="Tests.BaseClass" name="COD_Paypal" time="15.976"/>
  <system-out/>
  <testcase classname="Tests.BaseClass" name="Wishlist_Validations" time="21.841"/>
  <system-out/>
  <testcase classname="Tests.BaseClass" name="Logout_ChangeLanguage" time="9.209"/>
  <system-out/>
</testsuite> <!-- Tests.BaseClass -->
